200  10000 8000 20000 false
log4j:WARN No appenders could be found for logger (com.netflix.curator.framework.imps.CuratorFrameworkImpl).
log4j:WARN Please initialize the log4j system properly.
2-i'm done, reqs:15910
0-i'm done, reqs:15872
3-i'm done, reqs:16122
4-i'm done, reqs:15760
1-i'm done, reqs:14822
READ finished, time elapsed(sec):20.0 operations:68486 avg rate:3424.3
2-i'm done, reqs:24097
1-i'm done, reqs:24213
4-i'm done, reqs:23708
3-i'm done, reqs:22026
0-i'm done, reqs:24208
READ finished, time elapsed(sec):20.0 operations:108252 avg rate:5412.6
2-i'm done, reqs:22896
1-i'm done, reqs:21464
3-i'm done, reqs:23158
4-i'm done, reqs:23595
0-i'm done, reqs:23149
SETSINGLE finished, time elapsed(sec):20.0 operations:104262 avg rate:5213.1
2-i'm done, reqs:22072
1-i'm done, reqs:23946
3-i'm done, reqs:22522
0-i'm done, reqs:22390
4-i'm done, reqs:23081
CREATE finished, time elapsed(sec):20.0 operations:104011 avg rate:5200.55
1-i'm done, reqs:24042
2-i'm done, reqs:22508
3-i'm done, reqs:23917
4-i'm done, reqs:23576
0-i'm done, reqs:22899
SETMUTI finished, time elapsed(sec):20.0 operations:106942 avg rate:5347.1
2-i'm done, reqs:27590
1-i'm done, reqs:27688
4-i'm done, reqs:26753
3-i'm done, reqs:30887
0-i'm done, reqs:26514
DELETE finished, time elapsed(sec):20.0 operations:129432 avg rate:6471.6
tests done cleaning
2-i'm done, reqs:0
1-i'm done, reqs:0
4-i'm done, reqs:0
3-i'm done, reqs:0
0-i'm done, reqs:0
all finished
