200  20000 8000 30000 true
log4j:WARN No appenders could be found for logger (com.netflix.curator.framework.imps.CuratorFrameworkImpl).
log4j:WARN Please initialize the log4j system properly.
4-i'm done, reqs:1483
2-i'm done, reqs:1023
0-i'm done, reqs:1537
3-i'm done, reqs:1897
1-i'm done, reqs:1415
READ finished, time elapsed(sec):30.0 operations:7355 avg rate:245.16666666666666
3-i'm done, reqs:1826
4-i'm done, reqs:1487
0-i'm done, reqs:1487
1-i'm done, reqs:1359
2-i'm done, reqs:962
READ finished, time elapsed(sec):30.0 operations:7121 avg rate:237.36666666666667
3-i'm done, reqs:842
2-i'm done, reqs:464
0-i'm done, reqs:690
4-i'm done, reqs:712
1-i'm done, reqs:640
SETSINGLE finished, time elapsed(sec):30.0 operations:3348 avg rate:111.6
3-i'm done, reqs:826
2-i'm done, reqs:477
0-i'm done, reqs:688
1-i'm done, reqs:618
4-i'm done, reqs:731
CREATE finished, time elapsed(sec):30.0 operations:3340 avg rate:111.33333333333333
0-i'm done, reqs:675
4-i'm done, reqs:726
3-i'm done, reqs:832
2-i'm done, reqs:498
1-i'm done, reqs:636
SETMUTI finished, time elapsed(sec):30.0 operations:3367 avg rate:112.23333333333333
0-i'm done, reqs:744
2-i'm done, reqs:480
1-i'm done, reqs:685
3-i'm done, reqs:937
4-i'm done, reqs:785
DELETE finished, time elapsed(sec):30.0 operations:3631 avg rate:121.03333333333333
tests done cleaning
0-i'm done, reqs:0
3-i'm done, reqs:0
4-i'm done, reqs:0
1-i'm done, reqs:0
2-i'm done, reqs:0
all finished
