200  6000 2000 10000 false
log4j:WARN No appenders could be found for logger (com.netflix.curator.framework.imps.CuratorFrameworkImpl).
log4j:WARN Please initialize the log4j system properly.
3-i'm done, reqs:6260
4-i'm done, reqs:5752
2-i'm done, reqs:6863
0-i'm done, reqs:6609
1-i'm done, reqs:6283
READ finished, time elapsed(sec):10.0 operations:25767 avg rate:2576.7
3-i'm done, reqs:9562
1-i'm done, reqs:12592
2-i'm done, reqs:10084
4-i'm done, reqs:17505
0-i'm done, reqs:9490
READ finished, time elapsed(sec):10.0 operations:53233 avg rate:5323.3
4-i'm done, reqs:9802
1-i'm done, reqs:5350
2-i'm done, reqs:5958
3-i'm done, reqs:5893
0-i'm done, reqs:6036
SETSINGLE finished, time elapsed(sec):10.0 operations:27039 avg rate:2703.9
4-i'm done, reqs:9042
2-i'm done, reqs:5830
0-i'm done, reqs:4413
1-i'm done, reqs:5595
3-i'm done, reqs:6470
CREATE finished, time elapsed(sec):10.0 operations:25350 avg rate:2535.0
4-i'm done, reqs:8643
3-i'm done, reqs:6533
2-i'm done, reqs:4310
1-i'm done, reqs:5063
0-i'm done, reqs:7014
SETMUTI finished, time elapsed(sec):10.0 operations:25563 avg rate:2556.3
4-i'm done, reqs:10670
2-i'm done, reqs:6517
3-i'm done, reqs:7156
0-i'm done, reqs:6348
1-i'm done, reqs:5873
DELETE finished, time elapsed(sec):10.0 operations:30564 avg rate:3056.4
tests done cleaning
2-i'm done, reqs:0
4-i'm done, reqs:0
0-i'm done, reqs:0
3-i'm done, reqs:0
1-i'm done, reqs:0
all finished
