200  20000 8000 30000 false
log4j:WARN No appenders could be found for logger (com.netflix.curator.framework.imps.CuratorFrameworkImpl).
log4j:WARN Please initialize the log4j system properly.
1-i'm done, reqs:32296
2-i'm done, reqs:33376
0-i'm done, reqs:32406
4-i'm done, reqs:32790
3-i'm done, reqs:32605
READ finished, time elapsed(sec):30.0 operations:143473 avg rate:4782.433333333333
1-i'm done, reqs:41980
0-i'm done, reqs:43151
4-i'm done, reqs:42445
3-i'm done, reqs:43647
2-i'm done, reqs:41064
READ finished, time elapsed(sec):30.0 operations:192287 avg rate:6409.566666666667
1-i'm done, reqs:41936
4-i'm done, reqs:41719
3-i'm done, reqs:41430
0-i'm done, reqs:41877
2-i'm done, reqs:41755
SETSINGLE finished, time elapsed(sec):30.0 operations:188717 avg rate:6290.566666666667
4-i'm done, reqs:42864
3-i'm done, reqs:41885
1-i'm done, reqs:41262
0-i'm done, reqs:41458
2-i'm done, reqs:43214
CREATE finished, time elapsed(sec):30.0 operations:190683 avg rate:6356.1
4-i'm done, reqs:41698
3-i'm done, reqs:42558
1-i'm done, reqs:42193
0-i'm done, reqs:43584
2-i'm done, reqs:41553
SETMUTI finished, time elapsed(sec):30.0 operations:191586 avg rate:6386.2
4-i'm done, reqs:52214
1-i'm done, reqs:51193
3-i'm done, reqs:49161
0-i'm done, reqs:49014
2-i'm done, reqs:51455
DELETE finished, time elapsed(sec):30.0 operations:233037 avg rate:7767.9
tests done cleaning
1-i'm done, reqs:0
3-i'm done, reqs:0
0-i'm done, reqs:0
2-i'm done, reqs:0
4-i'm done, reqs:0
all finished
