200  20000 8000 30000 false
log4j:WARN No appenders could be found for logger (com.netflix.curator.framework.imps.CuratorFrameworkImpl).
log4j:WARN Please initialize the log4j system properly.
log4j:WARN No appenders could be found for logger (com.netflix.curator.framework.imps.CuratorFrameworkImpl).
log4j:WARN Please initialize the log4j system properly.
log4j:WARN No appenders could be found for logger (com.netflix.curator.framework.imps.CuratorFrameworkImpl).
log4j:WARN Please initialize the log4j system properly.
0-i'm done, reqs:18442
1-i'm done, reqs:15757
4-i'm done, reqs:17576
3-i'm done, reqs:16534
2-i'm done, reqs:16637
READ finished, time elapsed(sec):30.0 operations:64949 avg rate:2164.9666666666667
3-i'm done, reqs:26311
2-i'm done, reqs:26086
0-i'm done, reqs:27546
1-i'm done, reqs:27636
4-i'm done, reqs:23839
READ finished, time elapsed(sec):30.0 operations:111418 avg rate:3713.9333333333334
3-i'm done, reqs:27297
2-i'm done, reqs:24385
0-i'm done, reqs:25252
1-i'm done, reqs:26696
4-i'm done, reqs:24932
SETSINGLE finished, time elapsed(sec):30.0 operations:108563 avg rate:3618.766666666667
3-i'm done, reqs:26876
2-i'm done, reqs:27205
0-i'm done, reqs:26092
1-i'm done, reqs:26023
4-i'm done, reqs:27168
CREATE finished, time elapsed(sec):30.0 operations:113364 avg rate:3778.8
3-i'm done, reqs:26020
2-i'm done, reqs:28104
0-i'm done, reqs:26725
1-i'm done, reqs:25182
4-i'm done, reqs:24937
SETMUTI finished, time elapsed(sec):30.0 operations:110968 avg rate:3698.9333333333334
3-i'm done, reqs:33992
2-i'm done, reqs:37716
1-i'm done, reqs:36712
0-i'm done, reqs:36159
4-i'm done, reqs:34324
DELETE finished, time elapsed(sec):30.0 operations:158903 avg rate:5296.766666666666
tests done cleaning
3-i'm done, reqs:0
1-i'm done, reqs:0
2-i'm done, reqs:0
0-i'm done, reqs:0
4-i'm done, reqs:0
all finished
