200  20000 8000 30000 false
log4j:WARN No appenders could be found for logger (com.netflix.curator.framework.imps.CuratorFrameworkImpl).
log4j:WARN Please initialize the log4j system properly.
1-i'm done, reqs:17567
4-i'm done, reqs:17815
3-i'm done, reqs:18186
0-i'm done, reqs:17095
2-i'm done, reqs:16756
READ finished, time elapsed(sec):30.0 operations:67419 avg rate:2247.3
4-i'm done, reqs:24515
3-i'm done, reqs:24167
1-i'm done, reqs:25635
0-i'm done, reqs:26923
2-i'm done, reqs:24718
READ finished, time elapsed(sec):30.0 operations:105958 avg rate:3531.9333333333334
1-i'm done, reqs:23557
4-i'm done, reqs:22504
0-i'm done, reqs:25483
3-i'm done, reqs:23639
2-i'm done, reqs:23508
SETSINGLE finished, time elapsed(sec):30.0 operations:98698 avg rate:3289.9333333333334
1-i'm done, reqs:24647
4-i'm done, reqs:21891
0-i'm done, reqs:23300
3-i'm done, reqs:23610
2-i'm done, reqs:25137
CREATE finished, time elapsed(sec):30.0 operations:98585 avg rate:3286.1666666666665
1-i'm done, reqs:21588
0-i'm done, reqs:23981
4-i'm done, reqs:25013
3-i'm done, reqs:24644
2-i'm done, reqs:24806
SETMUTI finished, time elapsed(sec):30.0 operations:100032 avg rate:3334.4
0-i'm done, reqs:32546
1-i'm done, reqs:30745
4-i'm done, reqs:30101
3-i'm done, reqs:31327
2-i'm done, reqs:31385
DELETE finished, time elapsed(sec):30.0 operations:136104 avg rate:4536.8
tests done cleaning
4-i'm done, reqs:0
1-i'm done, reqs:0
2-i'm done, reqs:0
0-i'm done, reqs:0
3-i'm done, reqs:0
all finished
