200  10000 8000 20000 false
log4j:WARN No appenders could be found for logger (com.netflix.curator.framework.imps.CuratorFrameworkImpl).
log4j:WARN Please initialize the log4j system properly.
0-i'm done, reqs:18191
4-i'm done, reqs:18353
2-i'm done, reqs:18242
1-i'm done, reqs:20211
3-i'm done, reqs:19069
READ finished, time elapsed(sec):20.0 operations:84066 avg rate:4203.3
1-i'm done, reqs:27726
4-i'm done, reqs:27333
3-i'm done, reqs:28098
2-i'm done, reqs:27353
0-i'm done, reqs:28335
READ finished, time elapsed(sec):20.0 operations:128845 avg rate:6442.25
4-i'm done, reqs:27375
1-i'm done, reqs:26918
3-i'm done, reqs:26516
0-i'm done, reqs:26659
2-i'm done, reqs:27645
SETSINGLE finished, time elapsed(sec):20.0 operations:125113 avg rate:6255.65
4-i'm done, reqs:27523
3-i'm done, reqs:26779
1-i'm done, reqs:26995
0-i'm done, reqs:26373
2-i'm done, reqs:27833
CREATE finished, time elapsed(sec):20.0 operations:125503 avg rate:6275.15
4-i'm done, reqs:27192
1-i'm done, reqs:26929
3-i'm done, reqs:27876
0-i'm done, reqs:27026
2-i'm done, reqs:27776
SETMUTI finished, time elapsed(sec):20.0 operations:126799 avg rate:6339.95
4-i'm done, reqs:32784
0-i'm done, reqs:32242
3-i'm done, reqs:34934
1-i'm done, reqs:31590
2-i'm done, reqs:31525
DELETE finished, time elapsed(sec):20.0 operations:153075 avg rate:7653.75
tests done cleaning
4-i'm done, reqs:0
0-i'm done, reqs:0
1-i'm done, reqs:0
3-i'm done, reqs:0
2-i'm done, reqs:0
all finished
