200  20000 8000 30000 false
log4j:WARN No appenders could be found for logger (com.netflix.curator.framework.imps.CuratorFrameworkImpl).
log4j:WARN Please initialize the log4j system properly.
log4j:WARN No appenders could be found for logger (com.netflix.curator.framework.imps.CuratorFrameworkImpl).
log4j:WARN Please initialize the log4j system properly.
3-i'm done, reqs:23129
2-i'm done, reqs:22503
0-i'm done, reqs:23672
1-i'm done, reqs:25803
4-i'm done, reqs:24054
READ finished, time elapsed(sec):30.0 operations:99161 avg rate:3305.366666666667
3-i'm done, reqs:30799
0-i'm done, reqs:36157
4-i'm done, reqs:32439
2-i'm done, reqs:30767
1-i'm done, reqs:33702
READ finished, time elapsed(sec):30.0 operations:143864 avg rate:4795.466666666666
0-i'm done, reqs:32513
3-i'm done, reqs:31198
4-i'm done, reqs:30740
1-i'm done, reqs:32646
2-i'm done, reqs:32182
SETSINGLE finished, time elapsed(sec):30.0 operations:139279 avg rate:4642.633333333333
0-i'm done, reqs:31545
3-i'm done, reqs:31436
4-i'm done, reqs:31934
1-i'm done, reqs:32168
2-i'm done, reqs:33923
CREATE finished, time elapsed(sec):30.0 operations:141006 avg rate:4700.2
0-i'm done, reqs:32766
3-i'm done, reqs:31218
4-i'm done, reqs:33846
1-i'm done, reqs:32934
2-i'm done, reqs:32438
SETMUTI finished, time elapsed(sec):30.0 operations:143202 avg rate:4773.4
0-i'm done, reqs:41292
3-i'm done, reqs:43348
4-i'm done, reqs:43698
1-i'm done, reqs:37523
2-i'm done, reqs:37158
DELETE finished, time elapsed(sec):30.0 operations:183019 avg rate:6100.633333333333
tests done cleaning
3-i'm done, reqs:0
0-i'm done, reqs:0
1-i'm done, reqs:0
2-i'm done, reqs:0
4-i'm done, reqs:0
all finished
