200  20000 8000 30000 true
log4j:WARN No appenders could be found for logger (com.netflix.curator.framework.imps.CuratorFrameworkImpl).
log4j:WARN Please initialize the log4j system properly.
1-i'm done, reqs:25104
3-i'm done, reqs:25128
4-i'm done, reqs:28861
0-i'm done, reqs:24341
2-i'm done, reqs:25029
READ finished, time elapsed(sec):30.0 operations:128463 avg rate:4282.1
1-i'm done, reqs:30149
3-i'm done, reqs:29674
0-i'm done, reqs:29790
2-i'm done, reqs:29535
4-i'm done, reqs:34020
READ finished, time elapsed(sec):30.0 operations:153168 avg rate:5105.6
0-i'm done, reqs:1347
1-i'm done, reqs:1338
2-i'm done, reqs:1336
3-i'm done, reqs:1461
4-i'm done, reqs:1337
SETSINGLE finished, time elapsed(sec):30.0 operations:6819 avg rate:227.3
2-i'm done, reqs:1250
1-i'm done, reqs:1246
3-i'm done, reqs:1327
0-i'm done, reqs:1253
4-i'm done, reqs:1252
CREATE finished, time elapsed(sec):30.0 operations:6328 avg rate:210.93333333333334
2-i'm done, reqs:1307
1-i'm done, reqs:1312
0-i'm done, reqs:1311
4-i'm done, reqs:1306
3-i'm done, reqs:1421
SETMUTI finished, time elapsed(sec):30.0 operations:6657 avg rate:221.9
0-i'm done, reqs:1723
1-i'm done, reqs:1723
2-i'm done, reqs:1730
3-i'm done, reqs:1782
4-i'm done, reqs:1732
DELETE finished, time elapsed(sec):30.0 operations:8690 avg rate:289.6666666666667
tests done cleaning
1-i'm done, reqs:0
2-i'm done, reqs:0
4-i'm done, reqs:0
0-i'm done, reqs:0
3-i'm done, reqs:0
all finished
