200  14000 8000 30000 false
log4j:WARN No appenders could be found for logger (com.netflix.curator.framework.imps.CuratorFrameworkImpl).
log4j:WARN Please initialize the log4j system properly.
0-i'm done, reqs:38800
1-i'm done, reqs:38800
2-i'm done, reqs:38800
3-i'm done, reqs:38800
4-i'm done, reqs:38800
READ finished, time elapsed(sec):30.0 operations:182433 avg rate:6081.1
0-i'm done, reqs:44800
2-i'm done, reqs:44800
3-i'm done, reqs:46000
1-i'm done, reqs:46000
4-i'm done, reqs:46000
SETSINGLE finished, time elapsed(sec):30.0 operations:219021 avg rate:7300.7
0-i'm done, reqs:44800
4-i'm done, reqs:44800
3-i'm done, reqs:44800
2-i'm done, reqs:46000
1-i'm done, reqs:46000
CREATE finished, time elapsed(sec):30.0 operations:220347 avg rate:7344.9
2-i'm done, reqs:44800
3-i'm done, reqs:44800
1-i'm done, reqs:44800
0-i'm done, reqs:46000
4-i'm done, reqs:46000
SETMUTI finished, time elapsed(sec):30.0 operations:219909 avg rate:7330.3
0-i'm done, reqs:48400
1-i'm done, reqs:48400
2-i'm done, reqs:48400
3-i'm done, reqs:48400
4-i'm done, reqs:48400
DELETE finished, time elapsed(sec):30.0 operations:231756 avg rate:7725.2
tests done cleaning
3-i'm done, reqs:0
2-i'm done, reqs:0
1-i'm done, reqs:0
0-i'm done, reqs:0
4-i'm done, reqs:0
all finished
