200  6000 2000 10000 false
log4j:WARN No appenders could be found for logger (com.netflix.curator.framework.imps.CuratorFrameworkImpl).
log4j:WARN No appenders could be found for logger (com.netflix.curator.framework.imps.CuratorFrameworkImpl).
log4j:WARN Please initialize the log4j system properly.
log4j:WARN Please initialize the log4j system properly.
log4j:WARN No appenders could be found for logger (com.netflix.curator.framework.imps.CuratorFrameworkImpl).
log4j:WARN Please initialize the log4j system properly.
1-i'm done, reqs:8054
2-i'm done, reqs:6518
3-i'm done, reqs:7488
0-i'm done, reqs:7168
4-i'm done, reqs:6229
READ finished, time elapsed(sec):10.0 operations:29457 avg rate:2945.7
3-i'm done, reqs:11090
0-i'm done, reqs:13982
1-i'm done, reqs:14603
2-i'm done, reqs:13774
4-i'm done, reqs:13281
READ finished, time elapsed(sec):10.0 operations:60730 avg rate:6073.0
0-i'm done, reqs:6350
3-i'm done, reqs:8268
1-i'm done, reqs:5524
2-i'm done, reqs:2993
4-i'm done, reqs:3909
SETSINGLE finished, time elapsed(sec):10.0 operations:21044 avg rate:2104.4
3-i'm done, reqs:8656
1-i'm done, reqs:3052
0-i'm done, reqs:6322
4-i'm done, reqs:4465
2-i'm done, reqs:4492
CREATE finished, time elapsed(sec):10.0 operations:20987 avg rate:2098.7
3-i'm done, reqs:8340
4-i'm done, reqs:4882
0-i'm done, reqs:5141
2-i'm done, reqs:5209
1-i'm done, reqs:6779
SETMUTI finished, time elapsed(sec):10.0 operations:24351 avg rate:2435.1
0-i'm done, reqs:8483
4-i'm done, reqs:8588
3-i'm done, reqs:11724
2-i'm done, reqs:5847
1-i'm done, reqs:6915
DELETE finished, time elapsed(sec):10.0 operations:35557 avg rate:3555.7
tests done cleaning
3-i'm done, reqs:0
0-i'm done, reqs:0
2-i'm done, reqs:0
4-i'm done, reqs:0
1-i'm done, reqs:0
all finished
