200  20000 8000 30000 false
log4j:WARN No appenders could be found for logger (com.netflix.curator.framework.imps.CuratorFrameworkImpl).
log4j:WARN Please initialize the log4j system properly.
3-i'm done, reqs:15945
4-i'm done, reqs:14930
0-i'm done, reqs:15501
2-i'm done, reqs:14440
1-i'm done, reqs:16088
READ finished, time elapsed(sec):30.0 operations:56905 avg rate:1896.8333333333333
3-i'm done, reqs:23417
1-i'm done, reqs:23114
0-i'm done, reqs:25376
4-i'm done, reqs:25684
2-i'm done, reqs:22843
READ finished, time elapsed(sec):30.0 operations:100434 avg rate:3347.8
1-i'm done, reqs:22970
3-i'm done, reqs:23641
2-i'm done, reqs:23304
0-i'm done, reqs:22847
4-i'm done, reqs:22494
SETSINGLE finished, time elapsed(sec):30.0 operations:95262 avg rate:3175.4
1-i'm done, reqs:23140
2-i'm done, reqs:24322
3-i'm done, reqs:24082
4-i'm done, reqs:24053
0-i'm done, reqs:24649
CREATE finished, time elapsed(sec):30.0 operations:100246 avg rate:3341.5333333333333
1-i'm done, reqs:24815
3-i'm done, reqs:23258
2-i'm done, reqs:23903
4-i'm done, reqs:23214
0-i'm done, reqs:23748
SETMUTI finished, time elapsed(sec):30.0 operations:98938 avg rate:3297.9333333333334
1-i'm done, reqs:30393
3-i'm done, reqs:30121
0-i'm done, reqs:29898
4-i'm done, reqs:31019
2-i'm done, reqs:32023
DELETE finished, time elapsed(sec):30.0 operations:133456 avg rate:4448.533333333334
tests done cleaning
3-i'm done, reqs:0
0-i'm done, reqs:0
4-i'm done, reqs:0
1-i'm done, reqs:0
2-i'm done, reqs:0
all finished
