200  20000 8000 30000 false
log4j:WARN No appenders could be found for logger (com.netflix.curator.framework.imps.CuratorFrameworkImpl).
log4j:WARN Please initialize the log4j system properly.
4-i'm done, reqs:22694
2-i'm done, reqs:19969
3-i'm done, reqs:20225
1-i'm done, reqs:20396
0-i'm done, reqs:22384
READ finished, time elapsed(sec):30.0 operations:85668 avg rate:2855.6
2-i'm done, reqs:28776
0-i'm done, reqs:27725
1-i'm done, reqs:29011
3-i'm done, reqs:29274
4-i'm done, reqs:28604
READ finished, time elapsed(sec):30.0 operations:123390 avg rate:4113.0
3-i'm done, reqs:28416
2-i'm done, reqs:28246
1-i'm done, reqs:26665
4-i'm done, reqs:28899
0-i'm done, reqs:29718
SETSINGLE finished, time elapsed(sec):30.0 operations:121945 avg rate:4064.8333333333335
1-i'm done, reqs:27430
3-i'm done, reqs:28580
2-i'm done, reqs:31743
0-i'm done, reqs:28393
4-i'm done, reqs:28049
CREATE finished, time elapsed(sec):30.0 operations:124195 avg rate:4139.833333333333
1-i'm done, reqs:29646
3-i'm done, reqs:29328
0-i'm done, reqs:26760
2-i'm done, reqs:29020
4-i'm done, reqs:31043
SETMUTI finished, time elapsed(sec):30.0 operations:125797 avg rate:4193.233333333334
1-i'm done, reqs:35687
3-i'm done, reqs:40113
4-i'm done, reqs:37514
0-i'm done, reqs:38570
2-i'm done, reqs:36489
DELETE finished, time elapsed(sec):30.0 operations:168373 avg rate:5612.433333333333
tests done cleaning
4-i'm done, reqs:0
1-i'm done, reqs:0
2-i'm done, reqs:0
3-i'm done, reqs:0
0-i'm done, reqs:0
all finished
