200  20000 8000 30000 false
log4j:WARN No appenders could be found for logger (com.netflix.curator.framework.imps.CuratorFrameworkImpl).
log4j:WARN Please initialize the log4j system properly.
2-i'm done, reqs:24829
1-i'm done, reqs:26529
0-i'm done, reqs:28820
4-i'm done, reqs:27345
3-i'm done, reqs:26060
READ finished, time elapsed(sec):30.0 operations:113584 avg rate:3786.133333333333
1-i'm done, reqs:38367
2-i'm done, reqs:36916
3-i'm done, reqs:39019
0-i'm done, reqs:36631
4-i'm done, reqs:38217
READ finished, time elapsed(sec):30.0 operations:169150 avg rate:5638.333333333333
1-i'm done, reqs:36313
2-i'm done, reqs:37604
3-i'm done, reqs:37718
4-i'm done, reqs:38744
0-i'm done, reqs:35926
SETSINGLE finished, time elapsed(sec):30.0 operations:166307 avg rate:5543.566666666667
1-i'm done, reqs:34684
2-i'm done, reqs:37930
3-i'm done, reqs:37660
4-i'm done, reqs:40033
0-i'm done, reqs:37128
CREATE finished, time elapsed(sec):30.0 operations:167435 avg rate:5581.166666666667
1-i'm done, reqs:36557
2-i'm done, reqs:37987
3-i'm done, reqs:35028
4-i'm done, reqs:38535
0-i'm done, reqs:37207
SETMUTI finished, time elapsed(sec):30.0 operations:165314 avg rate:5510.466666666666
1-i'm done, reqs:45493
2-i'm done, reqs:50165
3-i'm done, reqs:41738
4-i'm done, reqs:42100
0-i'm done, reqs:41996
DELETE finished, time elapsed(sec):30.0 operations:201492 avg rate:6716.4
tests done cleaning
1-i'm done, reqs:0
2-i'm done, reqs:0
3-i'm done, reqs:0
4-i'm done, reqs:0
0-i'm done, reqs:0
all finished
