200  6000 2000 10000 false
log4j:WARN No appenders could be found for logger (com.netflix.curator.framework.imps.CuratorFrameworkImpl).
log4j:WARN Please initialize the log4j system properly.
2-i'm done, reqs:3379
0-i'm done, reqs:2481
4-i'm done, reqs:2993
1-i'm done, reqs:4609
3-i'm done, reqs:7858
READ finished, time elapsed(sec):10.0 operations:15320 avg rate:1532.0
1-i'm done, reqs:6519
3-i'm done, reqs:3852
0-i'm done, reqs:6987
4-i'm done, reqs:5853
2-i'm done, reqs:1200
READ finished, time elapsed(sec):10.0 operations:18411 avg rate:1841.1
0-i'm done, reqs:2665
2-i'm done, reqs:1200
1-i'm done, reqs:2298
3-i'm done, reqs:2648
4-i'm done, reqs:4570
SETSINGLE finished, time elapsed(sec):10.0 operations:7381 avg rate:738.1
2-i'm done, reqs:1200
4-i'm done, reqs:4460
3-i'm done, reqs:2760
0-i'm done, reqs:2359
1-i'm done, reqs:2504
CREATE finished, time elapsed(sec):10.0 operations:7283 avg rate:728.3
0-i'm done, reqs:2224
3-i'm done, reqs:2712
4-i'm done, reqs:4291
2-i'm done, reqs:1200
1-i'm done, reqs:2997
SETMUTI finished, time elapsed(sec):10.0 operations:7424 avg rate:742.4
3-i'm done, reqs:3538
0-i'm done, reqs:4301
2-i'm done, reqs:1200
4-i'm done, reqs:7691
1-i'm done, reqs:6026
DELETE finished, time elapsed(sec):10.0 operations:16756 avg rate:1675.6
tests done cleaning
0-i'm done, reqs:0
2-i'm done, reqs:0
3-i'm done, reqs:0
4-i'm done, reqs:0
1-i'm done, reqs:0
all finished
