200  20000 8000 30000 true
log4j:WARN No appenders could be found for logger (com.netflix.curator.framework.imps.CuratorFrameworkImpl).
log4j:WARN Please initialize the log4j system properly.
log4j:WARN No appenders could be found for logger (com.netflix.curator.framework.imps.CuratorFrameworkImpl).
log4j:WARN Please initialize the log4j system properly.
log4j:WARN No appenders could be found for logger (com.netflix.curator.framework.imps.CuratorFrameworkImpl).
log4j:WARN No appenders could be found for logger (com.netflix.curator.framework.imps.CuratorFrameworkImpl).
log4j:WARN Please initialize the log4j system properly.
log4j:WARN Please initialize the log4j system properly.
log4j:WARN No appenders could be found for logger (com.netflix.curator.framework.imps.CuratorFrameworkImpl).
log4j:WARN Please initialize the log4j system properly.
2-i'm done, reqs:12498
4-i'm done, reqs:12070
0-i'm done, reqs:12077
1-i'm done, reqs:12179
3-i'm done, reqs:12186
READ finished, time elapsed(sec):30.0 operations:61010 avg rate:2033.6666666666667
4-i'm done, reqs:13760
0-i'm done, reqs:13525
2-i'm done, reqs:14099
3-i'm done, reqs:14144
1-i'm done, reqs:13983
READ finished, time elapsed(sec):30.0 operations:69511 avg rate:2317.0333333333333
0-i'm done, reqs:1294
4-i'm done, reqs:1291
2-i'm done, reqs:1315
1-i'm done, reqs:1306
3-i'm done, reqs:1412
SETSINGLE finished, time elapsed(sec):30.0 operations:6618 avg rate:220.6
2-i'm done, reqs:1207
4-i'm done, reqs:1173
0-i'm done, reqs:1207
1-i'm done, reqs:1201
3-i'm done, reqs:1302
CREATE finished, time elapsed(sec):30.0 operations:6090 avg rate:203.0
0-i'm done, reqs:1278
3-i'm done, reqs:1379
2-i'm done, reqs:1266
4-i'm done, reqs:1247
1-i'm done, reqs:1278
SETMUTI finished, time elapsed(sec):30.0 operations:6448 avg rate:214.93333333333334
0-i'm done, reqs:1627
2-i'm done, reqs:1635
3-i'm done, reqs:1746
1-i'm done, reqs:1635
4-i'm done, reqs:1610
DELETE finished, time elapsed(sec):30.0 operations:8253 avg rate:275.1
tests done cleaning
2-i'm done, reqs:0
1-i'm done, reqs:0
0-i'm done, reqs:0
3-i'm done, reqs:0
4-i'm done, reqs:0
all finished
