200  20000 8000 10000 false
log4j:WARN No appenders could be found for logger (com.netflix.curator.framework.imps.CuratorFrameworkImpl).
log4j:WARN Please initialize the log4j system properly.
3-i'm done, reqs:8644
0-i'm done, reqs:8517
4-i'm done, reqs:8830
1-i'm done, reqs:8212
2-i'm done, reqs:8716
READ finished, time elapsed(sec):10.0 operations:22919 avg rate:2291.9
0-i'm done, reqs:15642
1-i'm done, reqs:15795
4-i'm done, reqs:16319
2-i'm done, reqs:17489
3-i'm done, reqs:16666
READ finished, time elapsed(sec):10.0 operations:61911 avg rate:6191.1
0-i'm done, reqs:16267
1-i'm done, reqs:15391
4-i'm done, reqs:16137
2-i'm done, reqs:16580
3-i'm done, reqs:15659
SETSINGLE finished, time elapsed(sec):10.0 operations:60034 avg rate:6003.4
1-i'm done, reqs:16008
0-i'm done, reqs:15574
4-i'm done, reqs:16244
2-i'm done, reqs:16932
3-i'm done, reqs:17379
CREATE finished, time elapsed(sec):10.0 operations:62138 avg rate:6213.8
0-i'm done, reqs:16741
1-i'm done, reqs:16756
4-i'm done, reqs:16011
2-i'm done, reqs:16495
3-i'm done, reqs:17039
SETMUTI finished, time elapsed(sec):10.0 operations:63042 avg rate:6304.2
0-i'm done, reqs:22262
1-i'm done, reqs:21092
2-i'm done, reqs:20307
4-i'm done, reqs:19963
3-i'm done, reqs:19656
DELETE finished, time elapsed(sec):10.0 operations:83280 avg rate:8328.0
tests done cleaning
0-i'm done, reqs:0
1-i'm done, reqs:0
2-i'm done, reqs:0
4-i'm done, reqs:0
3-i'm done, reqs:0
all finished
